2019-03-07 17:52:08,771 - selenium - INFO - ==========登陆浏览器===========
2019-03-07 17:52:12,742 - selenium - INFO - ===========test1===============
2019-03-07 17:52:12,742 - selenium - INFO - ===========错误账号密码=========
2019-03-07 17:52:12,743 - selenium - INFO - ===========输入账号==============
2019-03-07 17:52:12,898 - selenium - INFO - ============输入密码================
2019-03-07 17:52:12,989 - selenium - INFO - =============点击登陆=================
2019-03-07 17:52:13,075 - selenium - INFO - ============验证提示信息==========
2019-03-07 17:52:13,671 - selenium - INFO - ==========登陆浏览器===========
2019-03-07 17:52:14,391 - selenium - INFO - ============test2==================
2019-03-07 17:52:14,392 - selenium - INFO - ============账号密码为空=============
2019-03-07 17:52:14,392 - selenium - INFO - =============点击登陆=================
2019-03-07 17:52:55,153 - selenium - INFO - ==========登陆浏览器===========
2019-03-07 17:52:59,013 - selenium - INFO - ===========test1===============
2019-03-07 17:52:59,013 - selenium - INFO - ===========错误账号密码=========
2019-03-07 17:52:59,013 - selenium - INFO - ===========输入账号==============
2019-03-07 17:52:59,178 - selenium - INFO - ============输入密码================
2019-03-07 17:52:59,295 - selenium - INFO - =============点击登陆=================
2019-03-07 17:52:59,410 - selenium - INFO - ============验证提示信息==========
2019-03-07 17:52:59,994 - selenium - INFO - ==========登陆浏览器===========
2019-03-07 17:53:00,737 - selenium - INFO - ============test2==================
2019-03-07 17:53:00,738 - selenium - INFO - ============账号密码为空=============
2019-03-07 17:53:00,738 - selenium - INFO - =============点击登陆=================
2019-03-07 17:53:21,301 - selenium - INFO - =========用户名判断错误===========
